# JRE version: OpenJDK Runtime Environment (8.0_212-b03) (build 1.8.0_212-8u212-b03-0ubuntu1.18.04.1-b03)
# Java VM: OpenJDK 64-Bit Server VM (25.212-b03 mixed mode linux-amd64 compressed oops)
Heap:
 PSYoungGen      total 247296K, used 12785K [0x00000000d6e00000, 0x00000000e6c00000, 0x0000000100000000)
  eden space 234496K, 0% used [0x00000000d6e00000,0x00000000d6e00000,0x00000000e5300000)
  from space 12800K, 99% used [0x00000000e5300000,0x00000000e5f7c648,0x00000000e5f80000)
  to   space 9216K, 0% used [0x00000000e5f80000,0x00000000e5f80000,0x00000000e6880000)
 ParOldGen       total 44544K, used 12831K [0x0000000084a00000, 0x0000000087580000, 0x00000000d6e00000)
  object space 44544K, 28% used [0x0000000084a00000,0x0000000085687d38,0x0000000087580000)
 Metaspace       used 33746K, capacity 35408K, committed 35456K, reserved 1079296K
  class space    used 4373K, capacity 4702K, committed 4736K, reserved 1048576K
GC Heap History (10 events):
Event: 2.660 GC heap after
Heap after GC invocations=5 (full 0):
 PSYoungGen      total 68608K, used 5106K [0x00000000d6e00000, 0x00000000dfd00000, 0x0000000100000000)
  eden space 63488K, 0% used [0x00000000d6e00000,0x00000000d6e00000,0x00000000dac00000)
  from space 5120K, 99% used [0x00000000dac00000,0x00000000db0fcb38,0x00000000db100000)
  to   space 9728K, 0% used [0x00000000df380000,0x00000000df380000,0x00000000dfd00000)
 ParOldGen       total 84992K, used 4544K [0x0000000084a00000, 0x0000000089d00000, 0x00000000d6e00000)
  object space 84992K, 5% used [0x0000000084a00000,0x0000000084e70218,0x0000000089d00000)
 Metaspace       used 20014K, capacity 20542K, committed 20736K, reserved 1067008K
  class space    used 2603K, capacity 2784K, committed 2816K, reserved 1048576K
}
Event: 2.685 GC heap before
{Heap before GC invocations=6 (full 0):
 PSYoungGen      total 68608K, used 7804K [0x00000000d6e00000, 0x00000000dfd00000, 0x0000000100000000)
  eden space 63488K, 4% used [0x00000000d6e00000,0x00000000d70a2668,0x00000000dac00000)
  from space 5120K, 99% used [0x00000000dac00000,0x00000000db0fcb38,0x00000000db100000)
  to   space 9728K, 0% used [0x00000000df380000,0x00000000df380000,0x00000000dfd00000)
 ParOldGen       total 84992K, used 4544K [0x0000000084a00000, 0x0000000089d00000, 0x00000000d6e00000)
  object space 84992K, 5% used [0x0000000084a00000,0x0000000084e70218,0x0000000089d00000)
 Metaspace       used 20653K, capacity 21194K, committed 21296K, reserved 1067008K
  class space    used 2671K, capacity 2850K, committed 2944K, reserved 1048576K
Event: 2.693 GC heap after
Heap after GC invocations=6 (full 0):
 PSYoungGen      total 135680K, used 4992K [0x00000000d6e00000, 0x00000000dfc00000, 0x0000000100000000)
  eden space 126976K, 0% used [0x00000000d6e00000,0x00000000d6e00000,0x00000000dea00000)
  from space 8704K, 57% used [0x00000000df380000,0x00000000df860020,0x00000000dfc00000)
  to   space 9216K, 0% used [0x00000000dea00000,0x00000000dea00000,0x00000000df300000)
 ParOldGen       total 84992K, used 4552K [0x0000000084a00000, 0x0000000089d00000, 0x00000000d6e00000)
  object space 84992K, 5% used [0x0000000084a00000,0x0000000084e72218,0x0000000089d00000)
 Metaspace       used 20653K, capacity 21194K, committed 21296K, reserved 1067008K
  class space    used 2671K, capacity 2850K, committed 2944K, reserved 1048576K
}
Event: 2.693 GC heap before
{Heap before GC invocations=7 (full 1):
 PSYoungGen      total 135680K, used 4992K [0x00000000d6e00000, 0x00000000dfc00000, 0x0000000100000000)
  eden space 126976K, 0% used [0x00000000d6e00000,0x00000000d6e00000,0x00000000dea00000)
  from space 8704K, 57% used [0x00000000df380000,0x00000000df860020,0x00000000dfc00000)
  to   space 9216K, 0% used [0x00000000dea00000,0x00000000dea00000,0x00000000df300000)
 ParOldGen       total 84992K, used 4552K [0x0000000084a00000, 0x0000000089d00000, 0x00000000d6e00000)
  object space 84992K, 5% used [0x0000000084a00000,0x0000000084e72218,0x0000000089d00000)
 Metaspace       used 20653K, capacity 21194K, committed 21296K, reserved 1067008K
  class space    used 2671K, capacity 2850K, committed 2944K, reserved 1048576K
Event: 2.728 GC heap after
Heap after GC invocations=7 (full 1):
 PSYoungGen      total 135680K, used 0K [0x00000000d6e00000, 0x00000000dfc00000, 0x0000000100000000)
  eden space 126976K, 0% used [0x00000000d6e00000,0x00000000d6e00000,0x00000000dea00000)
  from space 8704K, 0% used [0x00000000df380000,0x00000000df380000,0x00000000dfc00000)
  to   space 9216K, 0% used [0x00000000dea00000,0x00000000dea00000,0x00000000df300000)
 ParOldGen       total 44544K, used 5417K [0x0000000084a00000, 0x0000000087580000, 0x00000000d6e00000)
  object space 44544K, 12% used [0x0000000084a00000,0x0000000084f4a7a0,0x0000000087580000)
 Metaspace       used 20651K, capacity 21188K, committed 21296K, reserved 1067008K
  class space    used 2670K, capacity 2849K, committed 2944K, reserved 1048576K
}
Event: 4.274 GC heap before
{Heap before GC invocations=8 (full 1):
 PSYoungGen      total 135680K, used 126976K [0x00000000d6e00000, 0x00000000dfc00000, 0x0000000100000000)
  eden space 126976K, 100% used [0x00000000d6e00000,0x00000000dea00000,0x00000000dea00000)
  from space 8704K, 0% used [0x00000000df380000,0x00000000df380000,0x00000000dfc00000)
  to   space 9216K, 0% used [0x00000000dea00000,0x00000000dea00000,0x00000000df300000)
 ParOldGen       total 44544K, used 5417K [0x0000000084a00000, 0x0000000087580000, 0x00000000d6e00000)
  object space 44544K, 12% used [0x0000000084a00000,0x0000000084f4a7a0,0x0000000087580000)
 Metaspace       used 23252K, capacity 24064K, committed 24320K, reserved 1071104K
  class space    used 3047K, capacity 3261K, committed 3328K, reserved 1048576K
Event: 4.372 GC heap after
Heap after GC invocations=8 (full 1):
 PSYoungGen      total 136192K, used 6577K [0x00000000d6e00000, 0x00000000e6880000, 0x0000000100000000)
  eden space 126976K, 0% used [0x00000000d6e00000,0x00000000d6e00000,0x00000000dea00000)
  from space 9216K, 71% used [0x00000000dea00000,0x00000000df06c578,0x00000000df300000)
  to   space 9216K, 0% used [0x00000000e5f80000,0x00000000e5f80000,0x00000000e6880000)
 ParOldGen       total 44544K, used 5425K [0x0000000084a00000, 0x0000000087580000, 0x00000000d6e00000)
  object space 44544K, 12% used [0x0000000084a00000,0x0000000084f4c7a0,0x0000000087580000)
 Metaspace       used 23252K, capacity 24064K, committed 24320K, reserved 1071104K
  class space    used 3047K, capacity 3261K, committed 3328K, reserved 1048576K
}
Event: 7.540 GC heap before
{Heap before GC invocations=9 (full 1):
 PSYoungGen      total 136192K, used 133553K [0x00000000d6e00000, 0x00000000e6880000, 0x0000000100000000)
  eden space 126976K, 100% used [0x00000000d6e00000,0x00000000dea00000,0x00000000dea00000)
  from space 9216K, 71% used [0x00000000dea00000,0x00000000df06c578,0x00000000df300000)
  to   space 9216K, 0% used [0x00000000e5f80000,0x00000000e5f80000,0x00000000e6880000)
 ParOldGen       total 44544K, used 5425K [0x0000000084a00000, 0x0000000087580000, 0x00000000d6e00000)
  object space 44544K, 12% used [0x0000000084a00000,0x0000000084f4c7a0,0x0000000087580000)
 Metaspace       used 29413K, capacity 31000K, committed 31232K, reserved 1077248K
  class space    used 3933K, capacity 4238K, committed 4352K, reserved 1048576K
Event: 7.598 GC heap after
Heap after GC invocations=9 (full 1):
 PSYoungGen      total 243712K, used 9210K [0x00000000d6e00000, 0x00000000e6c00000, 0x0000000100000000)
  eden space 234496K, 0% used [0x00000000d6e00000,0x00000000d6e00000,0x00000000e5300000)
  from space 9216K, 99% used [0x00000000e5f80000,0x00000000e687ebe0,0x00000000e6880000)
  to   space 12800K, 0% used [0x00000000e5300000,0x00000000e5300000,0x00000000e5f80000)
 ParOldGen       total 44544K, used 11314K [0x0000000084a00000, 0x0000000087580000, 0x00000000d6e00000)
  object space 44544K, 25% used [0x0000000084a00000,0x000000008550cb98,0x0000000087580000)
 Metaspace       used 29413K, capacity 31000K, committed 31232K, reserved 1077248K
  class space    used 3933K, capacity 4238K, committed 4352K, reserved 1048576K
}
Event: 9.122 GC heap before
{Heap before GC invocations=10 (full 1):
 PSYoungGen      total 243712K, used 113243K [0x00000000d6e00000, 0x00000000e6c00000, 0x0000000100000000)
  eden space 234496K, 44% used [0x00000000d6e00000,0x00000000dd3982e8,0x00000000e5300000)
  from space 9216K, 99% used [0x00000000e5f80000,0x00000000e687ebe0,0x00000000e6880000)
  to   space 12800K, 0% used [0x00000000e5300000,0x00000000e5300000,0x00000000e5f80000)
 ParOldGen       total 44544K, used 11314K [0x0000000084a00000, 0x0000000087580000, 0x00000000d6e00000)
  object space 44544K, 25% used [0x0000000084a00000,0x000000008550cb98,0x0000000087580000)
 Metaspace       used 33746K, capacity 35408K, committed 35456K, reserved 1079296K
  class space    used 4373K, capacity 4702K, committed 4736K, reserved 1048576K

